[2025-01-18 18:44:49] development.INFO: Successfully retrieved sender, page: 1, limit: 25, data: 25, hasMore: 1  
[2025-01-18 18:44:50] development.INFO: Successfully retrieved sender, page: 2, limit: 25, data: 42, hasMore:   
[2025-01-18 18:49:07] development.INFO: Successfully retrieved sender, page: 1, limit: 25, data: 25  
[2025-01-18 18:49:08] development.INFO: Successfully retrieved sender, page: 2, limit: 25, data: 42  
[2025-01-18 18:49:19] development.INFO: Successfully retrieved sender, page: 1, limit: 25, data: 25  
[2025-01-18 18:49:19] development.INFO: Successfully retrieved sender, page: 2, limit: 25, data: 42  
[2025-01-18 18:49:26] development.INFO: Successfully retrieved sender, page: 1, limit: 25, data: 25  
[2025-01-18 18:49:27] development.INFO: Successfully retrieved sender, page: 2, limit: 25, data: 42  
[2025-01-18 18:49:55] development.INFO: Successfully retrieved sender, page: 1, limit: 25, data: 25  
[2025-01-18 18:49:55] development.INFO: Successfully retrieved sender, page: 2, limit: 25, data: 42  
[2025-01-18 18:49:57] development.INFO: Successfully retrieved sender, page: 1, limit: 25, data: 25  
[2025-01-18 18:49:57] development.INFO: Successfully retrieved sender, page: 2, limit: 25, data: 42  
[2025-01-18 18:53:41] development.INFO: Successfully retrieved domain, page: 0, limit: 25, data: 4  
[2025-01-18 19:03:36] development.INFO: Successfully retrieved sender, page: 1, limit: 25, data: 25  
[2025-01-18 19:03:37] development.INFO: Successfully retrieved sender, page: 2, limit: 25, data: 42  
[2025-01-18 19:06:13] development.INFO: Successfully retrieved domain, page: 0, limit: 25, data: 4  
[2025-01-18 19:06:53] development.INFO: Successfully retrieved sender, page: 1, limit: 25, data: 5  
[2025-01-18 19:17:12] development.INFO: Successfully retrieved domain, page: 0, limit: 25, data: 4  
[2025-01-18 19:17:47] development.INFO: Successfully retrieved domain, page: 0, limit: 25, data: 4  
[2025-01-18 19:17:55] development.INFO: Successfully retrieved sender, page: 1, limit: 25, data: 0  
[2025-01-18 19:17:59] development.INFO: Successfully retrieved sender, page: 1, limit: 25, data: 0  
[2025-01-18 19:18:44] development.INFO: Successfully retrieved sender, page: 1, limit: 25, data: 0  
[2025-01-18 19:18:58] development.INFO: Successfully retrieved domain, page: 0, limit: 25, data: 4  
[2025-01-18 19:19:17] development.INFO: Successfully retrieved sender, page: 1, limit: 25, data: 10  
[2025-01-18 19:19:27] development.INFO: Successfully retrieved sender, page: 1, limit: 25, data: 10  
[2025-01-18 19:20:43] development.INFO: Successfully retrieved domain, page: 0, limit: 25, data: 4  
[2025-01-18 19:21:07] development.INFO: Successfully retrieved sender, page: 1, limit: 25, data: 10  
[2025-01-18 19:21:17] development.INFO: Successfully retrieved domain, page: 0, limit: 25, data: 4  
[2025-01-19 09:24:29] development.INFO: Successfully retrieved sender, page: 1, limit: 25, data: 10  
[2025-01-19 09:24:43] development.ERROR: The "--delete-all" option does not exist. {"exception":"[object] (Symfony\\Component\\Console\\Exception\\RuntimeException(code: 0): The \"--delete-all\" option does not exist. at /Users/mrfansi/Projects/mailersend/vendor/symfony/console/Input/ArgvInput.php:226)
[stacktrace]
#0 /Users/mrfansi/Projects/mailersend/vendor/symfony/console/Input/ArgvInput.php(155): Symfony\\Component\\Console\\Input\\ArgvInput->addLongOption('delete-all', NULL)
#1 /Users/mrfansi/Projects/mailersend/vendor/symfony/console/Input/ArgvInput.php(88): Symfony\\Component\\Console\\Input\\ArgvInput->parseLongOption('--delete-all')
#2 /Users/mrfansi/Projects/mailersend/vendor/symfony/console/Input/ArgvInput.php(77): Symfony\\Component\\Console\\Input\\ArgvInput->parseToken('--delete-all', true)
#3 /Users/mrfansi/Projects/mailersend/vendor/symfony/console/Input/Input.php(53): Symfony\\Component\\Console\\Input\\ArgvInput->parse()
#4 /Users/mrfansi/Projects/mailersend/vendor/symfony/console/Command/Command.php(238): Symfony\\Component\\Console\\Input\\Input->bind(Object(Symfony\\Component\\Console\\Input\\InputDefinition))
#5 /Users/mrfansi/Projects/mailersend/vendor/symfony/console/Application.php(1094): Symfony\\Component\\Console\\Command\\Command->run(Object(Symfony\\Component\\Console\\Input\\ArgvInput), Object(Symfony\\Component\\Console\\Output\\ConsoleOutput))
#6 /Users/mrfansi/Projects/mailersend/vendor/symfony/console/Application.php(342): Symfony\\Component\\Console\\Application->doRunCommand(Object(NunoMaduro\\LaravelConsoleSummary\\SummaryCommand), Object(Symfony\\Component\\Console\\Input\\ArgvInput), Object(Symfony\\Component\\Console\\Output\\ConsoleOutput))
#7 /Users/mrfansi/Projects/mailersend/vendor/symfony/console/Application.php(193): Symfony\\Component\\Console\\Application->doRun(Object(Symfony\\Component\\Console\\Input\\ArgvInput), Object(Symfony\\Component\\Console\\Output\\ConsoleOutput))
#8 /Users/mrfansi/Projects/mailersend/vendor/laravel-zero/foundation/src/Illuminate/Foundation/Console/Kernel.php(196): Symfony\\Component\\Console\\Application->run(Object(Symfony\\Component\\Console\\Input\\ArgvInput), Object(Symfony\\Component\\Console\\Output\\ConsoleOutput))
#9 /Users/mrfansi/Projects/mailersend/vendor/laravel-zero/framework/src/Kernel.php(111): Illuminate\\Foundation\\Console\\Kernel->handle(Object(Symfony\\Component\\Console\\Input\\ArgvInput), Object(Symfony\\Component\\Console\\Output\\ConsoleOutput))
#10 /Users/mrfansi/Projects/mailersend/mailersend(35): LaravelZero\\Framework\\Kernel->handle(Object(Symfony\\Component\\Console\\Input\\ArgvInput), Object(Symfony\\Component\\Console\\Output\\ConsoleOutput))
#11 {main}
"} 
[2025-01-19 09:24:50] development.ERROR: The "--delete-all" option does not exist. {"exception":"[object] (Symfony\\Component\\Console\\Exception\\RuntimeException(code: 0): The \"--delete-all\" option does not exist. at /Users/mrfansi/Projects/mailersend/vendor/symfony/console/Input/ArgvInput.php:226)
[stacktrace]
#0 /Users/mrfansi/Projects/mailersend/vendor/symfony/console/Input/ArgvInput.php(155): Symfony\\Component\\Console\\Input\\ArgvInput->addLongOption('delete-all', NULL)
#1 /Users/mrfansi/Projects/mailersend/vendor/symfony/console/Input/ArgvInput.php(88): Symfony\\Component\\Console\\Input\\ArgvInput->parseLongOption('--delete-all')
#2 /Users/mrfansi/Projects/mailersend/vendor/symfony/console/Input/ArgvInput.php(77): Symfony\\Component\\Console\\Input\\ArgvInput->parseToken('--delete-all', true)
#3 /Users/mrfansi/Projects/mailersend/vendor/symfony/console/Input/Input.php(53): Symfony\\Component\\Console\\Input\\ArgvInput->parse()
#4 /Users/mrfansi/Projects/mailersend/vendor/symfony/console/Command/Command.php(238): Symfony\\Component\\Console\\Input\\Input->bind(Object(Symfony\\Component\\Console\\Input\\InputDefinition))
#5 /Users/mrfansi/Projects/mailersend/vendor/symfony/console/Application.php(1094): Symfony\\Component\\Console\\Command\\Command->run(Object(Symfony\\Component\\Console\\Input\\ArgvInput), Object(Symfony\\Component\\Console\\Output\\ConsoleOutput))
#6 /Users/mrfansi/Projects/mailersend/vendor/symfony/console/Application.php(342): Symfony\\Component\\Console\\Application->doRunCommand(Object(NunoMaduro\\LaravelConsoleSummary\\SummaryCommand), Object(Symfony\\Component\\Console\\Input\\ArgvInput), Object(Symfony\\Component\\Console\\Output\\ConsoleOutput))
#7 /Users/mrfansi/Projects/mailersend/vendor/symfony/console/Application.php(193): Symfony\\Component\\Console\\Application->doRun(Object(Symfony\\Component\\Console\\Input\\ArgvInput), Object(Symfony\\Component\\Console\\Output\\ConsoleOutput))
#8 /Users/mrfansi/Projects/mailersend/vendor/laravel-zero/foundation/src/Illuminate/Foundation/Console/Kernel.php(196): Symfony\\Component\\Console\\Application->run(Object(Symfony\\Component\\Console\\Input\\ArgvInput), Object(Symfony\\Component\\Console\\Output\\ConsoleOutput))
#9 /Users/mrfansi/Projects/mailersend/vendor/laravel-zero/framework/src/Kernel.php(111): Illuminate\\Foundation\\Console\\Kernel->handle(Object(Symfony\\Component\\Console\\Input\\ArgvInput), Object(Symfony\\Component\\Console\\Output\\ConsoleOutput))
#10 /Users/mrfansi/Projects/mailersend/mailersend(35): LaravelZero\\Framework\\Kernel->handle(Object(Symfony\\Component\\Console\\Input\\ArgvInput), Object(Symfony\\Component\\Console\\Output\\ConsoleOutput))
#11 {main}
"} 
[2025-01-19 09:25:38] development.ERROR: The "--delete-all" option does not exist. {"exception":"[object] (Symfony\\Component\\Console\\Exception\\RuntimeException(code: 0): The \"--delete-all\" option does not exist. at /Users/mrfansi/Projects/mailersend/vendor/symfony/console/Input/ArgvInput.php:226)
[stacktrace]
#0 /Users/mrfansi/Projects/mailersend/vendor/symfony/console/Input/ArgvInput.php(155): Symfony\\Component\\Console\\Input\\ArgvInput->addLongOption('delete-all', NULL)
#1 /Users/mrfansi/Projects/mailersend/vendor/symfony/console/Input/ArgvInput.php(88): Symfony\\Component\\Console\\Input\\ArgvInput->parseLongOption('--delete-all')
#2 /Users/mrfansi/Projects/mailersend/vendor/symfony/console/Input/ArgvInput.php(77): Symfony\\Component\\Console\\Input\\ArgvInput->parseToken('--delete-all', true)
#3 /Users/mrfansi/Projects/mailersend/vendor/symfony/console/Input/Input.php(53): Symfony\\Component\\Console\\Input\\ArgvInput->parse()
#4 /Users/mrfansi/Projects/mailersend/vendor/symfony/console/Command/Command.php(238): Symfony\\Component\\Console\\Input\\Input->bind(Object(Symfony\\Component\\Console\\Input\\InputDefinition))
#5 /Users/mrfansi/Projects/mailersend/vendor/symfony/console/Application.php(1094): Symfony\\Component\\Console\\Command\\Command->run(Object(Symfony\\Component\\Console\\Input\\ArgvInput), Object(Symfony\\Component\\Console\\Output\\ConsoleOutput))
#6 /Users/mrfansi/Projects/mailersend/vendor/symfony/console/Application.php(342): Symfony\\Component\\Console\\Application->doRunCommand(Object(NunoMaduro\\LaravelConsoleSummary\\SummaryCommand), Object(Symfony\\Component\\Console\\Input\\ArgvInput), Object(Symfony\\Component\\Console\\Output\\ConsoleOutput))
#7 /Users/mrfansi/Projects/mailersend/vendor/symfony/console/Application.php(193): Symfony\\Component\\Console\\Application->doRun(Object(Symfony\\Component\\Console\\Input\\ArgvInput), Object(Symfony\\Component\\Console\\Output\\ConsoleOutput))
#8 /Users/mrfansi/Projects/mailersend/vendor/laravel-zero/foundation/src/Illuminate/Foundation/Console/Kernel.php(196): Symfony\\Component\\Console\\Application->run(Object(Symfony\\Component\\Console\\Input\\ArgvInput), Object(Symfony\\Component\\Console\\Output\\ConsoleOutput))
#9 /Users/mrfansi/Projects/mailersend/vendor/laravel-zero/framework/src/Kernel.php(111): Illuminate\\Foundation\\Console\\Kernel->handle(Object(Symfony\\Component\\Console\\Input\\ArgvInput), Object(Symfony\\Component\\Console\\Output\\ConsoleOutput))
#10 /Users/mrfansi/Projects/mailersend/mailersend(35): LaravelZero\\Framework\\Kernel->handle(Object(Symfony\\Component\\Console\\Input\\ArgvInput), Object(Symfony\\Component\\Console\\Output\\ConsoleOutput))
#11 {main}
"} 
[2025-01-19 09:25:50] development.INFO: Successfully retrieved sender, page: 1, limit: 25, data: 10  
[2025-01-19 09:49:21] development.ERROR: Failed to retrieve tokens {"limit":25,"page":0,"error":"Failed to retrieve tokens: {\"message\":\"The page must be at least 1.\",\"errors\":{\"page\":[\"The page must be at least 1.\"]}}"} 
[2025-01-19 09:50:01] development.INFO: Successfully retrieved token, page: 1, limit: 25, data: 2  
[2025-01-19 09:50:46] development.INFO: Successfully retrieved token, page: 1, limit: 25, data: 2  
[2025-01-19 09:50:58] development.INFO: Successfully retrieved token, page: 1, limit: 25, data: 2  
[2025-01-19 09:52:49] development.INFO: Successfully retrieved token, page: 1, limit: 25, data: 2  
[2025-01-19 09:53:26] development.INFO: Successfully retrieved token, page: 1, limit: 25, data: 2  
[2025-01-19 09:54:43] development.INFO: Successfully retrieved token, page: 1, limit: 25, data: 2  
[2025-01-19 09:55:15] development.INFO: Successfully retrieved token, page: 1, limit: 25, data: 2  
[2025-01-19 09:57:16] development.INFO: Successfully retrieved token, page: 1, limit: 25, data: 2  
[2025-01-19 09:58:03] development.INFO: Successfully retrieved token, page: 1, limit: 25, data: 2  
[2025-01-19 09:58:19] development.INFO: Successfully retrieved token, page: 1, limit: 25, data: 2  
[2025-01-19 10:05:10] development.INFO: Successfully retrieved domain, page: 1, limit: 25, data: 4  
[2025-01-19 10:05:50] development.INFO: Successfully retrieved domain, page: 1, limit: 25, data: 4  
[2025-01-19 10:06:02] development.ERROR: Failed to create token {"data":{"name":"Test","domain_id":"3m5jgroo3qmgdpyo","scopes":["email_full"]},"error":"Undefined array key \"id\""} 
[2025-01-19 10:06:15] development.INFO: Successfully retrieved token, page: 1, limit: 25, data: 3  
[2025-01-19 10:07:28] development.INFO: Successfully retrieved domain, page: 1, limit: 25, data: 4  
[2025-01-19 10:13:35] development.INFO: Successfully retrieved token, page: 1, limit: 25, data: 4  
[2025-01-19 10:13:35] development.ERROR: Failed to retrieve tokens {"limit":25,"page":1,"error":"Undefined array key \"has_full\""} 
[2025-01-19 10:14:23] development.INFO: Successfully retrieved token, page: 1, limit: 25, data: 4  
[2025-01-19 10:14:23] development.ERROR: Failed to retrieve tokens {"limit":25,"page":1,"error":"Undefined array key \"has_full\""} 
[2025-01-19 10:15:30] development.INFO: Successfully retrieved token, page: 1, limit: 25, data: 4  
[2025-01-19 10:15:30] development.ERROR: Failed to retrieve tokens {"limit":25,"page":1,"error":"Undefined array key \"has_full\""} 
[2025-01-19 10:15:58] development.INFO: Successfully retrieved token, page: 1, limit: 25, data: 4  
[2025-01-19 10:22:00] development.INFO: Successfully retrieved domain, page: 1, limit: 25, data: 4  
[2025-01-19 10:22:06] development.ERROR: Failed to create token {"data":{"name":"Test 3","domain_id":"3m5jgroo3qmgdpyo","scopes":["email_full"]},"error":"Undefined array key \"id\""} 
[2025-01-19 10:22:44] development.INFO: Successfully retrieved token, page: 1, limit: 25, data: 5  
[2025-01-19 10:41:56] development.INFO: Successfully retrieved token, page: 1, limit: 25, data: 4  
[2025-01-19 10:43:05] development.INFO: Successfully retrieved token, page: 1, limit: 25, data: 3  
[2025-01-19 10:45:34] development.INFO: Successfully retrieved token, page: 1, limit: 25, data: 2  
[2025-01-19 11:02:49] development.INFO: Successfully retrieved domain, page: 1, limit: 25, data: 4  
[2025-01-19 11:33:44] development.INFO: Successfully retrieved token, page: 1, limit: 25, data: 2  
[2025-01-19 11:33:50] development.INFO: Successfully retrieved domain, page: 1, limit: 25, data: 4  
[2025-01-19 11:33:59] development.ERROR: Failed to create token {"data":{"name":"Test","domain_id":"3m5jgroo3qmgdpyo","scopes":["email_full"]},"error":"Undefined array key \"id\""} 
[2025-01-19 11:35:01] development.INFO: Successfully retrieved token, page: 1, limit: 25, data: 3  
[2025-01-19 11:35:31] development.INFO: Successfully retrieved domain, page: 1, limit: 25, data: 4  
[2025-01-19 11:35:54] development.INFO: Successfully retrieved token, page: 1, limit: 25, data: 4  
[2025-01-19 11:36:10] development.INFO: Successfully retrieved domain, page: 1, limit: 25, data: 4  
[2025-01-19 11:36:16] development.ERROR: Failed to create token {"data":{"name":"Test 2","domain_id":"3m5jgroo3qmgdpyo","scopes":["email_full"]},"error":"Undefined array key \"access_token\""} 
[2025-01-19 11:36:55] development.INFO: Successfully retrieved domain, page: 1, limit: 25, data: 4  
[2025-01-19 11:37:01] development.ERROR: Failed to create token {"data":{"name":"Test 3","domain_id":"3m5jgroo3qmgdpyo","scopes":["email_full"]},"error":"Undefined array key \"status\""} 
[2025-01-19 11:37:37] development.INFO: Successfully retrieved token, page: 1, limit: 25, data: 5  
[2025-01-19 11:37:43] development.INFO: Successfully retrieved token, page: 1, limit: 25, data: 4  
[2025-01-19 11:37:48] development.INFO: Successfully retrieved token, page: 1, limit: 25, data: 3  
[2025-01-19 11:37:52] development.INFO: Successfully retrieved domain, page: 1, limit: 25, data: 4  
[2025-01-19 11:38:01] development.ERROR: Failed to create token {"data":{"name":"Test ","domain_id":"3m5jgroo3qmgdpyo","scopes":["email_full"]},"error":"Undefined array key \"is_cname_verified\""} 
[2025-01-19 11:38:49] development.INFO: Successfully retrieved token, page: 1, limit: 25, data: 3  
[2025-01-19 11:38:58] development.INFO: Successfully retrieved domain, page: 1, limit: 25, data: 4  
[2025-01-19 11:39:48] development.INFO: Successfully retrieved domain, page: 1, limit: 25, data: 4  
[2025-01-19 11:40:11] development.INFO: Successfully retrieved domain, page: 1, limit: 25, data: 4  
[2025-01-19 11:40:40] development.INFO: Successfully retrieved token, page: 1, limit: 25, data: 5  
[2025-01-19 11:54:58] development.INFO: Successfully retrieved token, page: 1, limit: 25, data: 5  
[2025-01-19 11:55:05] development.INFO: Successfully retrieved domain, page: 1, limit: 25, data: 4  
[2025-01-19 11:56:15] development.INFO: Successfully retrieved token, page: 1, limit: 25, data: 5  
[2025-01-19 11:56:21] development.ERROR: Failed to update token {"verified":"a43a6d3f8a2faf2e81e7b82f0389785beffc6fa89099ff024bc269d79c639d8f685cdbe8647d71e2","data":{"name":"Test 3","status":"unpause"},"error":"Target class [pipeline] does not exist."} 
[2025-01-19 11:58:31] development.INFO: Successfully retrieved token, page: 1, limit: 25, data: 5  
[2025-01-19 11:58:38] development.ERROR: Failed to update token {"verified":"a43a6d3f8a2faf2e81e7b82f0389785beffc6fa89099ff024bc269d79c639d8f685cdbe8647d71e2","data":{"name":"Test 3","status":"unpause"},"error":"App\\Mailersend\\Token::update(): Return value must be of type App\\Data\\TokenResponse, array returned"} 
[2025-01-19 11:59:42] development.INFO: Successfully retrieved token, page: 1, limit: 25, data: 5  
[2025-01-19 12:00:15] development.INFO: Successfully retrieved token, page: 1, limit: 25, data: 5  
[2025-01-19 12:00:21] development.ERROR: Failed to update token {"verified":"a43a6d3f8a2faf2e81e7b82f0389785beffc6fa89099ff024bc269d79c639d8f685cdbe8647d71e2","data":{"name":"Test 3","status":"unpause"},"error":"Undefined array key \"id\""} 
[2025-01-19 12:00:32] development.INFO: Successfully retrieved token, page: 1, limit: 25, data: 5  
[2025-01-19 12:00:54] development.INFO: Successfully retrieved token, page: 1, limit: 25, data: 5  
[2025-01-19 12:01:01] development.INFO: Successfully retrieved token, page: 1, limit: 25, data: 4  
[2025-01-19 12:01:07] development.INFO: Successfully retrieved token, page: 1, limit: 25, data: 3  
